Mapception-UI/build/app/intermediates/manifest_merge_blame_file/release/manifest-merger-blame-release-report.txt
1<?xml version="1.0" encoding="utf-8"?>
2<manifest xmlns:android="http://schemas.android.com/apk/res/android"
3    package="com.example.mapception"
4    android:versionCode="1"
5    android:versionName="1.0.0" >
6
7    <uses-sdk
8        android:minSdkVersion="20"
8-->src/main/AndroidManifest.xml
9        android:targetSdkVersion="30" />
9-->src/main/AndroidManifest.xml
10
11    <uses-permission android:name="android.permission.ACCESS_FINE_LOCATION" />
11-->src/main/AndroidManifest.xml:3:2-76
11-->src/main/AndroidManifest.xml:3:19-73
12    <uses-permission android:name="android.permission.ACCESS_COARSE_LOCATION" /> <!-- Include required permissions for Google Maps API to run. -->
12-->[:location] AndroidManifest.xml:7:5-81
12-->[:location] AndroidManifest.xml:7:22-78
13    <uses-permission android:name="android.permission.ACCESS_NETWORK_STATE" />
13-->[com.google.android.gms:play-services-maps:17.0.0] AndroidManifest.xml:23:5-79
13-->[com.google.android.gms:play-services-maps:17.0.0] AndroidManifest.xml:23:22-76
14    <uses-permission android:name="android.permission.INTERNET" />
14-->[com.google.android.gms:play-services-maps:17.0.0] AndroidManifest.xml:24:5-67
14-->[com.google.android.gms:play-services-maps:17.0.0] AndroidManifest.xml:24:22-64
15
16    <uses-feature
16-->[com.google.android.gms:play-services-maps:17.0.0] AndroidManifest.xml:26:5-28:35
17        android:glEsVersion="0x00020000"
17-->[com.google.android.gms:play-services-maps:17.0.0] AndroidManifest.xml:27:9-41
18        android:required="true" />
18-->[com.google.android.gms:play-services-maps:17.0.0] AndroidManifest.xml:28:9-32
19
20    <application
20-->src/main/AndroidManifest.xml:4:4-44:19
21        android:name="androidx.multidex.MultiDexApplication"
22        android:appComponentFactory="androidx.core.app.CoreComponentFactory"
22-->[androidx.core:core:1.3.2] AndroidManifest.xml:24:18-86
23        android:icon="@mipmap/ic_launcher"
23-->src/main/AndroidManifest.xml:6:9-43
24        android:label="mapception" >
24-->src/main/AndroidManifest.xml:5:9-35
25        <meta-data
25-->src/main/AndroidManifest.xml:7:9-8:73
26            android:name="com.google.android.geo.API_KEY"
26-->src/main/AndroidManifest.xml:7:20-65
27            android:value="AIzaSyAaa2p7_QrOhGFQS-DHndqEZZa5-BV7vRw" />
27-->src/main/AndroidManifest.xml:8:16-71
28
29        <activity
29-->src/main/AndroidManifest.xml:10:9-38:20
30            android:name="com.example.mapception.MainActivity"
30-->src/main/AndroidManifest.xml:11:13-41
31            android:configChanges="orientation|keyboardHidden|keyboard|screenSize|smallestScreenSize|locale|layoutDirection|fontScale|screenLayout|density|uiMode"
31-->src/main/AndroidManifest.xml:14:13-163
32            android:hardwareAccelerated="true"
32-->src/main/AndroidManifest.xml:15:13-47
33            android:launchMode="singleTop"
33-->src/main/AndroidManifest.xml:12:13-43
34            android:theme="@style/LaunchTheme"
34-->src/main/AndroidManifest.xml:13:13-47
35            android:windowSoftInputMode="adjustResize" >
35-->src/main/AndroidManifest.xml:16:13-55
36
37            <!--
38                 Specifies an Android theme to apply to this Activity as soon as
39                 the Android process has started. This theme is visible to the user
40                 while the Flutter UI initializes. After that, this theme continues
41                 to determine the Window background behind the Flutter UI.
42            -->
43
44            <meta-data
44-->src/main/AndroidManifest.xml:7:9-8:73
45                android:name="com.google.android.geo.API_KEY"
45-->src/main/AndroidManifest.xml:7:20-65
46                android:value="AIzaSyAaa2p7_QrOhGFQS-DHndqEZZa5-BV7vRw" />
46-->src/main/AndroidManifest.xml:8:16-71
47
48            <!--
49                 Displays an Android View that continues showing the launch screen
50                 Drawable until Flutter paints its first frame, then this splash
51                 screen fades out. A splash screen is useful to avoid any visual
52                 gap between the end of Android's launch screen and the painting of
53                 Flutter's first frame.
54            -->
55            <meta-data
55-->src/main/AndroidManifest.xml:30:13-33:17
56                android:name="io.flutter.embedding.android.SplashScreenDrawable"
56-->src/main/AndroidManifest.xml:31:15-79
57                android:resource="@drawable/launch_background" />
57-->src/main/AndroidManifest.xml:32:15-61
58
59            <intent-filter>
59-->src/main/AndroidManifest.xml:34:13-37:29
60                <action android:name="android.intent.action.MAIN" />
60-->src/main/AndroidManifest.xml:35:17-68
60-->src/main/AndroidManifest.xml:35:25-66
61
62                <category android:name="android.intent.category.LAUNCHER" />
62-->src/main/AndroidManifest.xml:36:17-76
62-->src/main/AndroidManifest.xml:36:27-74
63            </intent-filter>
64        </activity>
65        <!--
66             Don't delete the meta-data below.
67             This is used by the Flutter tool to generate GeneratedPluginRegistrant.java
68        -->
69        <meta-data
69-->src/main/AndroidManifest.xml:41:9-43:33
70            android:name="flutterEmbedding"
70-->src/main/AndroidManifest.xml:42:13-44
71            android:value="2" />
71-->src/main/AndroidManifest.xml:43:13-30
72
73        <service
73-->[:location] AndroidManifest.xml:11:9-15:56
74            android:name="com.lyokone.location.FlutterLocationService"
74-->[:location] AndroidManifest.xml:12:13-71
75            android:enabled="true"
75-->[:location] AndroidManifest.xml:13:13-35
76            android:exported="false"
76-->[:location] AndroidManifest.xml:14:13-37
77            android:foregroundServiceType="location" /> <!-- Needs to be explicitly declared on P+ -->
77-->[:location] AndroidManifest.xml:15:13-53
78        <uses-library
78-->[com.google.android.gms:play-services-maps:17.0.0] AndroidManifest.xml:33:9-35:40
79            android:name="org.apache.http.legacy"
79-->[com.google.android.gms:play-services-maps:17.0.0] AndroidManifest.xml:34:13-50
80            android:required="false" />
80-->[com.google.android.gms:play-services-maps:17.0.0] AndroidManifest.xml:35:13-37
81
82        <activity
82-->[com.google.android.gms:play-services-base:17.0.0] AndroidManifest.xml:23:9-26:75
83            android:name="com.google.android.gms.common.api.GoogleApiActivity"
83-->[com.google.android.gms:play-services-base:17.0.0] AndroidManifest.xml:24:13-79
84            android:exported="false"
84-->[com.google.android.gms:play-services-base:17.0.0] AndroidManifest.xml:25:13-37
85            android:theme="@android:style/Theme.Translucent.NoTitleBar" />
85-->[com.google.android.gms:play-services-base:17.0.0] AndroidManifest.xml:26:13-72
86
87        <meta-data
87-->[com.google.android.gms:play-services-basement:17.0.0] AndroidManifest.xml:23:9-25:69
88            android:name="com.google.android.gms.version"
88-->[com.google.android.gms:play-services-basement:17.0.0] AndroidManifest.xml:24:13-58
89            android:value="@integer/google_play_services_version" />
89-->[com.google.android.gms:play-services-basement:17.0.0] AndroidManifest.xml:25:13-66
90    </application>
91
92</manifest>